#
# A fatal error has been detected by the Java Runtime Environment:
#
#  EXCEPTION_ACCESS_VIOLATION (0xc0000005) at pc=0x000000006d0fa0fd, pid=1736, tid=7648
#
# JRE version: 6.0_25-b06
# Java VM: Java HotSpot(TM) 64-Bit Server VM (20.0-b11 mixed mode windows-amd64 compressed oops)
# Problematic frame:
# C  [awt.dll+0xfa0fd]
#
# If you would like to submit a bug report, please visit:
#   http://java.sun.com/webapps/bugreport/crash.jsp
# The crash happened outside the Java Virtual Machine in native code.
# See problematic frame for where to report the bug.
#

---------------  T H R E A D  ---------------

Current thread (0x0000000007229000):  JavaThread "AWT-Windows" daemon [_thread_in_native, id=7648, stack(0x00000000094c0000,0x00000000095c0000)]

siginfo: ExceptionCode=0xc0000005, reading address 0x0000000000000000

Registers:
RAX=0x0000000000002000, RBX=0x0000000007195b40, RCX=0x0000000000000000, RDX=0x000000000000026e
RSP=0x00000000095bf570, RBP=0x0000000000000000, RSI=0x000000000000000c, RDI=0x0000000000000000
R8 =0x000000000000000c, R9 =0x0000000000001000, R10=0x0000000000000000, R11=0x000000006def52c0
R12=0x0000000000000000, R13=0x000000077c5faf38, R14=0x00000000095bf838, R15=0x0000000007229000
RIP=0x000000006d0fa0fd, EFLAGS=0x0000000000010202

Top of Stack: (sp=0x00000000095bf570)
0x00000000095bf570:   0000000000000000 0000000000000000
0x00000000095bf580:   0000000000000000 000007feff821574
0x00000000095bf590:   0000000000000000 000000007797201b
0x00000000095bf5a0:   00000000095bf678 0000000000000000
0x00000000095bf5b0:   000000006d0d0a30 000000006d923548
0x00000000095bf5c0:   0000000000000000 000000006d0edbab
0x00000000095bf5d0:   00000000071d1160 00000000072291d0
0x00000000095bf5e0:   0000000000000001 0000000000000000
0x00000000095bf5f0:   00000000072291d0 000000006d0edcab
0x00000000095bf600:   0000000000000000 000000006d0d136c
0x00000000095bf610:   00000000071d1160 0000000000000000
0x00000000095bf620:   00000000072291d0 000000006d0edde8
0x00000000095bf630:   0000000000000001 00000000071d1160
0x00000000095bf640:   0000000000000001 0000000000000000
0x00000000095bf650:   00000000071d1160 000000006d081ade
0x00000000095bf660:   00000000003908b0 00000000095bf818 

Instructions: (pc=0x000000006d0fa0fd)
0x000000006d0fa0dd:   e9 11 01 00 00 48 8b 89 10 a0 00 00 85 d2 b8 00
0x000000006d0fa0ed:   20 00 00 41 b9 00 10 00 00 44 8b c6 44 0f 44 c8
0x000000006d0fa0fd:   48 8b 01 41 c1 e0 05 44 89 4c 24 20 4c 8d 4c 24
0x000000006d0fa10d:   30 c1 e2 05 ff 50 58 33 ff 85 c0 44 8b d8 0f 88 


Register to memory mapping:

RAX=0x0000000000002000 is an unknown value
RBX=0x0000000007195b40 is an unknown value
RCX=0x0000000000000000 is an unknown value
RDX=0x000000000000026e is an unknown value
RSP=0x00000000095bf570 is pointing into the stack for thread: 0x0000000007229000
RBP=0x0000000000000000 is an unknown value
RSI=0x000000000000000c is an unknown value
RDI=0x0000000000000000 is an unknown value
R8 =0x000000000000000c is an unknown value
R9 =0x0000000000001000 is an unknown value
R10=0x0000000000000000 is an unknown value
R11=0x000000006def52c0 is an unknown value
R12=0x0000000000000000 is an unknown value
R13=0x000000077c5faf38 is an oop
{method} 
 - klass: {other class}
R14=0x00000000095bf838 is pointing into the stack for thread: 0x0000000007229000
R15=0x0000000007229000 is a thread


Stack: [0x00000000094c0000,0x00000000095c0000],  sp=0x00000000095bf570,  free space=1021k
Native frames: (J=compiled Java code, j=interpreted, Vv=VM code, C=native code)
C  [awt.dll+0xfa0fd]  D3DVertexCacher::Render+0x5d

[error occurred during error reporting (printing native stack), id 0xc0000005]

Java frames: (J=compiled Java code, j=interpreted, Vv=VM code)
j  sun.awt.windows.WToolkit.eventLoop()V+0
j  sun.awt.windows.WToolkit.run()V+52
j  java.lang.Thread.run()V+11
v  ~StubRoutines::call_stub

---------------  P R O C E S S  ---------------

Java Threads: ( => current thread )
  0x000000000728b000 JavaThread "Thread-3" daemon [_thread_in_native, id=4868, stack(0x0000000007d00000,0x0000000007e00000)]
  0x00000000071f6800 JavaThread "AWT-EventQueue-0" [_thread_blocked, id=3008, stack(0x000000000d790000,0x000000000d890000)]
  0x00000000074e9000 JavaThread "AWT-Shutdown" [_thread_blocked, id=7448, stack(0x00000000096c0000,0x00000000097c0000)]
=>0x0000000007229000 JavaThread "AWT-Windows" daemon [_thread_in_native, id=7648, stack(0x00000000094c0000,0x00000000095c0000)]
  0x0000000006aff000 JavaThread "Java2D Disposer" daemon [_thread_blocked, id=7900, stack(0x00000000092c0000,0x00000000093c0000)]
  0x000000000696a000 JavaThread "Low Memory Detector" daemon [_thread_blocked, id=6888, stack(0x0000000006f00000,0x0000000007000000)]
  0x000000000695b800 JavaThread "C2 CompilerThread1" daemon [_thread_blocked, id=7792, stack(0x0000000006e00000,0x0000000006f00000)]
  0x0000000006959800 JavaThread "C2 CompilerThread0" daemon [_thread_blocked, id=6292, stack(0x0000000006d00000,0x0000000006e00000)]
  0x0000000006956800 JavaThread "Attach Listener" daemon [_thread_blocked, id=5980, stack(0x0000000006c00000,0x0000000006d00000)]
  0x0000000006951800 JavaThread "Signal Dispatcher" daemon [_thread_blocked, id=2416, stack(0x0000000006b00000,0x0000000006c00000)]
  0x00000000002dc800 JavaThread "Finalizer" daemon [_thread_blocked, id=6712, stack(0x0000000006800000,0x0000000006900000)]
  0x00000000002d4800 JavaThread "Reference Handler" daemon [_thread_blocked, id=4888, stack(0x0000000006700000,0x0000000006800000)]
  0x000000000075c800 JavaThread "main" [_thread_blocked, id=7528, stack(0x00000000023e0000,0x00000000024e0000)]

Other Threads:
  0x00000000002ce800 VMThread [stack: 0x0000000006600000,0x0000000006700000] [id=7852]
  0x0000000006973800 WatcherThread [stack: 0x0000000007000000,0x0000000007100000] [id=6116]

VM state:not at safepoint (normal execution)

VM Mutex/Monitor currently owned by a thread: None

Heap
 PSYoungGen      total 37888K, used 24116K [0x00000007d5b60000, 0x00000007d85a0000, 0x0000000800000000)
  eden space 32512K, 68% used [0x00000007d5b60000,0x00000007d7125270,0x00000007d7b20000)
  from space 5376K, 33% used [0x00000007d7b20000,0x00000007d7ce8000,0x00000007d8060000)
  to   space 5376K, 0% used [0x00000007d8060000,0x00000007d8060000,0x00000007d85a0000)
 PSOldGen        total 86656K, used 0K [0x0000000781200000, 0x00000007866a0000, 0x00000007d5b60000)
  object space 86656K, 0% used [0x0000000781200000,0x0000000781200000,0x00000007866a0000)
 PSPermGen       total 21248K, used 14500K [0x000000077c000000, 0x000000077d4c0000, 0x0000000781200000)
  object space 21248K, 68% used [0x000000077c000000,0x000000077ce291a8,0x000000077d4c0000)

Code Cache  [0x00000000024e0000, 0x0000000002750000, 0x00000000054e0000)
 total_blobs=475 nmethods=69 adapters=359 free_code_cache=49660800 largest_free_block=11328

Dynamic libraries:
0x0000000000400000 - 0x000000000042e000 	C:\Program Files\Java\jre6\bin\javaw.exe
0x0000000077bb0000 - 0x0000000077d5c000 	C:\Windows\SYSTEM32\ntdll.dll
0x0000000077840000 - 0x000000007795f000 	C:\Windows\system32\kernel32.dll
0x000007fefe170000 - 0x000007fefe1db000 	C:\Windows\system32\KERNELBASE.dll
0x000007fefe490000 - 0x000007fefe56b000 	C:\Windows\system32\ADVAPI32.dll
0x000007fefe3f0000 - 0x000007fefe48f000 	C:\Windows\system32\msvcrt.dll
0x000007fefe6c0000 - 0x000007fefe6df000 	C:\Windows\SYSTEM32\sechost.dll
0x000007fefe580000 - 0x000007fefe6ae000 	C:\Windows\system32\RPCRT4.dll
0x0000000077960000 - 0x0000000077a5a000 	C:\Windows\system32\USER32.dll
0x000007feff850000 - 0x000007feff8b7000 	C:\Windows\system32\GDI32.dll
0x000007fefe570000 - 0x000007fefe57e000 	C:\Windows\system32\LPK.dll
0x000007feff750000 - 0x000007feff81a000 	C:\Windows\system32\USP10.dll
0x000007fefdef0000 - 0x000007fefdf47000 	C:\Windows\system32\apphelp.dll
0x000007fef9d60000 - 0x000007fef9db1000 	C:\Windows\AppPatch\AppPatch64\AcGenral.DLL
0x000007fefdec0000 - 0x000007fefdee5000 	C:\Windows\system32\SspiCli.dll
0x000007feff4e0000 - 0x000007feff551000 	C:\Windows\system32\SHLWAPI.dll
0x000007feff940000 - 0x000007feffb42000 	C:\Windows\system32\ole32.dll
0x000007fefe730000 - 0x000007feff4b6000 	C:\Windows\system32\SHELL32.dll
0x00000000725b0000 - 0x00000000725b3000 	C:\Windows\system32\sfc.dll
0x000007fef9220000 - 0x000007fef9230000 	C:\Windows\system32\sfc_os.DLL
0x000007fefd320000 - 0x000007fefd33e000 	C:\Windows\system32\USERENV.dll
0x000007fefe020000 - 0x000007fefe02f000 	C:\Windows\system32\profapi.dll
0x000007fefba50000 - 0x000007fefba68000 	C:\Windows\system32\dwmapi.dll
0x000007fef4470000 - 0x000007fef4488000 	C:\Windows\system32\MPR.dll
0x000007feff820000 - 0x000007feff84e000 	C:\Windows\system32\IMM32.DLL
0x000007feff640000 - 0x000007feff749000 	C:\Windows\system32\MSCTF.dll
0x000000006d7f0000 - 0x000000006dfa8000 	C:\Program Files\Java\jre6\bin\server\jvm.dll
0x000007fefc9e0000 - 0x000007fefca1b000 	C:\Windows\system32\WINMM.dll
0x000000006d760000 - 0x000000006d76e000 	C:\Program Files\Java\jre6\bin\verify.dll
0x000000006d3b0000 - 0x000000006d3d7000 	C:\Program Files\Java\jre6\bin\java.dll
0x0000000077d80000 - 0x0000000077d87000 	C:\Windows\system32\PSAPI.DLL
0x000000006d7b0000 - 0x000000006d7c2000 	C:\Program Files\Java\jre6\bin\zip.dll
0x000000006d600000 - 0x000000006d617000 	C:\Program Files\Java\jre6\bin\net.dll
0x000007fefe6e0000 - 0x000007fefe72d000 	C:\Windows\system32\WS2_32.dll
0x000007fefe6b0000 - 0x000007fefe6b8000 	C:\Windows\system32\NSI.dll
0x0000000180000000 - 0x000000018006d000 	C:\Windows\system32\HMIPCore64.dll
0x000007fefd890000 - 0x000007fefd8e4000 	C:\Windows\system32\MSWSOCK.dll
0x000007fefd1d0000 - 0x000007fefd1f7000 	C:\Windows\system32\IPHLPAPI.DLL
0x000007fefd1c0000 - 0x000007fefd1cb000 	C:\Windows\system32\WINNSI.DLL
0x000007feff560000 - 0x000007feff637000 	C:\Windows\system32\OLEAUT32.dll
0x000007fefd1b0000 - 0x000007fefd1bc000 	C:\Windows\system32\VERSION.dll
0x000007fefdf50000 - 0x000007fefdf5f000 	C:\Windows\system32\CRYPTBASE.dll
0x000007fefd880000 - 0x000007fefd887000 	C:\Windows\System32\wship6.dll
0x000007fefbe20000 - 0x000007fefbe76000 	C:\Windows\system32\uxtheme.dll
0x000007fefd190000 - 0x000007fefd197000 	C:\Windows\System32\wshtcpip.dll
0x000007fefd710000 - 0x000007fefd76b000 	C:\Windows\system32\DNSAPI.dll
0x000007fef5130000 - 0x000007fef515e000 	C:\Program Files\Common Files\Microsoft Shared\Windows Live\WLIDNSP.DLL
0x000000006e8d0000 - 0x000000006e905000 	C:\Program Files\Bonjour\mdnsNSP.dll
0x000007fef5120000 - 0x000007fef5128000 	C:\Windows\system32\rasadhlp.dll
0x000007fefb0e0000 - 0x000007fefb133000 	C:\Windows\System32\fwpuclnt.dll
0x000000006d000000 - 0x000000006d1c3000 	C:\Program Files\Java\jre6\bin\awt.dll
0x000007fefb170000 - 0x000007fefb1e0000 	C:\Windows\system32\WINSPOOL.DRV
0x000007fefbea0000 - 0x000007fefc094000 	C:\Windows\WinSxS\amd64_microsoft.windows.common-controls_6595b64144ccf1df_6.0.7600.16661_none_fa62ad231704eab7\COMCTL32.dll
0x000007feffdd0000 - 0x000007feffe69000 	C:\Windows\system32\CLBCatQ.DLL
0x000007fefd8f0000 - 0x000007fefd907000 	C:\Windows\system32\CRYPTSP.dll
0x000007fefd5f0000 - 0x000007fefd637000 	C:\Windows\system32\rsaenh.dll
0x000007fefe000000 - 0x000007fefe014000 	C:\Windows\system32\RpcRtRemote.dll
0x000007fefdf60000 - 0x000007fefdff2000 	C:\Windows\system32\SXS.DLL
0x000000006d2a0000 - 0x000000006d306000 	C:\Program Files\Java\jre6\bin\fontmanager.dll
0x000007fee4d40000 - 0x000007fee4f3f000 	C:\Windows\system32\d3d9.dll
0x000007fefc7c0000 - 0x000007fefc7c7000 	C:\Windows\system32\d3d8thk.dll
0x000007feeedf0000 - 0x000007feefc87000 	C:\Windows\system32\nvd3dumx.dll
0x000007fefceb0000 - 0x000007fefcedc000 	C:\Windows\system32\powrprof.dll
0x000007feffb50000 - 0x000007feffd27000 	C:\Windows\system32\SETUPAPI.dll
0x000007fefe220000 - 0x000007fefe256000 	C:\Windows\system32\CFGMGR32.dll
0x000007fefe3d0000 - 0x000007fefe3ea000 	C:\Windows\system32\DEVOBJ.dll
0x000000006d620000 - 0x000000006d62b000 	C:\Program Files\Java\jre6\bin\nio.dll
0x000007fef5290000 - 0x000007fef53b5000 	C:\Windows\system32\dbghelp.dll

VM Arguments:
jvm_args: -Dproxyvm.registryKey=642052563 -Dproxyvm.masterPort=21371 -Dproxyvm.bufsize=16000 -Dproxyvm.servername=Project (SATools)-VM for SATools -Xverify:none -Dfile.encoding=Cp1252 
java_command: org.eclipse.jem.internal.proxy.vm.remote.RemoteVMApplication
Launcher Type: SUN_STANDARD

Environment Variables:
CLASSPATH=.;C:\Program Files (x86)\Java\jre6\lib\ext\QTJava.zip
PATH=C:\Program Files (x86)\NVIDIA Corporation\PhysX\Common;C:\Program Files (x86)\Microchip\mplabc18\v3.37.01\mpasm;C:\Program Files (x86)\Microchip\mplabc18\v3.37.01\bin;C:\Program Files\Common Files\Microsoft Shared\Windows Live;C:\Program Files (x86)\Common Files\Microsoft Shared\Windows Live;C:\Windows\system32;C:\Windows;C:\Windows\System32\Wbem;C:\Windows\System32\WindowsPowerShell\v1.0\;C:\Program Files\TortoiseSVN\bin;C:\Program Files\Intel\DMIX;c:\Program Files (x86)\Microsoft SQL Server\100\Tools\Binn\;c:\Program Files\Microsoft SQL Server\100\Tools\Binn\;c:\Program Files\Microsoft SQL Server\100\DTS\Binn\;C:\Program Files\Java\jdk1.6.0_21\bin;C:\Windows\System32;C:\Program Files (x86)\Windows Live\Shared;C:\Program Files (x86)\QuickTime\QTSystem\;C:\Program Files (x86)\Microchip\MPLAB C32 Suite\bin;C:\Program Files (x86)\HI-TECH Software\PICC\9.80\bin;C:\Program Files (x86)\HI-TECH Software\PICC-18\PRO\9.63\bin;C:\Program Files (x86)\HI-TECH Software\HI-TIDE\3.15\bin;C:\Program Files (x86)\Microsoft ASP.NET\ASP.NET Web Pages\v1.0\
USERNAME=OneThatWalks
OS=Windows_NT
PROCESSOR_IDENTIFIER=Intel64 Family 6 Model 37 Stepping 2, GenuineIntel



---------------  S Y S T E M  ---------------

OS: Windows 7 Build 7600 

CPU:total 4 (2 cores per cpu, 2 threads per core) family 6 model 37 stepping 2, cmov, cx8, fxsr, mmx, sse, sse2, sse3, ssse3, sse4.1, sse4.2, popcnt, ht

Memory: 4k page, physical 8312192k(4905800k free), swap 16622484k(12474560k free)

vm_info: Java HotSpot(TM) 64-Bit Server VM (20.0-b11) for windows-amd64 JRE (1.6.0_25-b06), built on Apr 14 2011 00:44:38 by "java_re" with MS VC++ 8.0 (VS2005)

time: Sun Jul 03 17:53:42 2011
elapsed time: 22026 seconds

